<?xml version="1.0" encoding="UTF-8"?>
<robot generator="Robot 7.3.2 (Python 3.13.7 on win32)" generated="2025-12-14T10:48:45.491920" rpa="false" schemaversion="5">
<suite id="s1" name="Tests" source="C:\Users\Harshit Srivastava\Downloads\RobotFramework\RobotFramework\tests">
<suite id="s1-s1" name="testDemo8" source="C:\Users\Harshit Srivastava\Downloads\RobotFramework\RobotFramework\tests\testDemo8.robot">
<test id="s1-s1-t1" name="Open the techm url" line="9">
<kw name="Open the techm url now">
<msg time="2025-12-14T10:48:46.283451" level="FAIL">No keyword with name 'Open the techm url now' found.</msg>
<status status="FAIL" start="2025-12-14T10:48:46.283121" elapsed="0.000558">No keyword with name 'Open the techm url now' found.</status>
</kw>
<status status="FAIL" start="2025-12-14T10:48:46.277312" elapsed="0.006840">No keyword with name 'Open the techm url now' found.</status>
</test>
<test id="s1-s1-t2" name="Enter any item in the search string" line="11">
<kw name="Enter any item in the search string now">
<kw name="Wait Until Element Is Visible" owner="SeleniumLibrary">
<msg time="2025-12-14T10:48:46.287399" level="INFO">Cannot capture screenshot because no browser is open.</msg>
<msg time="2025-12-14T10:48:46.287576" level="FAIL">No browser is open.</msg>
<arg>//textarea[@id='APjFqb']</arg>
<doc>Waits until the element ``locator`` is visible.</doc>
<status status="FAIL" start="2025-12-14T10:48:46.286621" elapsed="0.011101">No browser is open.</status>
</kw>
<kw name="Click Element" owner="SeleniumLibrary">
<arg>//textarea[@class='gLFyf']</arg>
<doc>Click the element identified by ``locator``.</doc>
<status status="NOT RUN" start="2025-12-14T10:48:46.298098" elapsed="0.000175"/>
</kw>
<kw name="Input Text" owner="SeleniumLibrary">
<arg>//textarea[@class='gLFyf']</arg>
<arg>Harshit</arg>
<doc>Types the given ``text`` into the text field identified by ``locator``.</doc>
<status status="NOT RUN" start="2025-12-14T10:48:46.298535" elapsed="0.000166"/>
</kw>
<kw name="Click Button" owner="SeleniumLibrary">
<arg>(//input[@name='btnK'])[2]</arg>
<doc>Clicks the button identified by ``locator``.</doc>
<status status="NOT RUN" start="2025-12-14T10:48:46.298925" elapsed="0.000159"/>
</kw>
<status status="FAIL" start="2025-12-14T10:48:46.285970" elapsed="0.013360">No browser is open.</status>
</kw>
<status status="FAIL" start="2025-12-14T10:48:46.285012" elapsed="0.015293">No browser is open.</status>
</test>
<status status="FAIL" start="2025-12-14T10:48:45.606944" elapsed="0.694472"/>
</suite>
<status status="FAIL" start="2025-12-14T10:48:45.565333" elapsed="0.737957"/>
</suite>
<statistics>
<total>
<stat pass="0" fail="2" skip="0">All Tests</stat>
</total>
<tag>
</tag>
<suite>
<stat name="Tests" id="s1" pass="0" fail="2" skip="0">Tests</stat>
<stat name="testDemo8" id="s1-s1" pass="0" fail="2" skip="0">Tests.testDemo8</stat>
</suite>
</statistics>
<errors>
</errors>
</robot>
